
02:34:22.492 [debug] handled notification client -> server textDocument/didSave in 431µs

02:34:22.823 [debug] handled notification client -> server workspace/didChangeWatchedFiles in 224µs

02:34:26.769 id=1275 [debug] handled request client -> server textDocument/codeAction in 397µs

02:34:26.929 [debug] handled notification client -> server textDocument/didSave in 392µs

02:34:27.265 [debug] handled notification client -> server workspace/didChangeWatchedFiles in 194µs

02:34:31.004 id=1276 [debug] handled request client -> server textDocument/hover in 1000ms

02:34:31.004 [debug] handled notification client -> server $/cancelRequest in 38µs

02:34:32.005 id=1277 [debug] handled request client -> server textDocument/hover in 1000ms

02:34:32.005 [debug] handled notification client -> server $/cancelRequest in 47µs

02:34:36.972 id=1278 [debug] handled request client -> server textDocument/hover in 1001ms

02:34:36.972 [debug] handled notification client -> server $/cancelRequest in 198µs

02:34:37.973 id=1279 [debug] handled request client -> server textDocument/hover in 1000ms

02:34:37.973 [debug] handled notification client -> server $/cancelRequest in 160µs

02:34:38.078 id=1280 [debug] handled request client -> server textDocument/codeAction in 231µs

02:34:38.526 id=1281 [debug] handled request client -> server textDocument/codeAction in 432µs

02:34:39.039 id=1282 [debug] handled request client -> server textDocument/codeAction in 742µs

02:34:39.807 [debug] handled notification client -> server textDocument/didChange in 249µs

02:34:39.913 id=1283 [debug] handled request client -> server textDocument/documentSymbol in 1ms

02:34:39.914 id=1284 [debug] handled request client -> server textDocument/documentSymbol in 754µs

02:34:42.223 [debug] handled notification client -> server textDocument/didChange in 485µs

02:34:42.224 id=1285 [debug] handled request client -> server textDocument/codeAction in 345µs

02:34:42.322 [debug] sent notification server -> client window/logMessage

02:34:42.322 id=1286 [debug] handled request client -> server textDocument/documentSymbol in 1ms

02:34:42.339 [debug] sent notification server -> client window/logMessage

02:34:42.339 id=1287 [debug] handled request client -> server textDocument/documentSymbol in 17ms

02:34:43.686 [debug] handled notification client -> server textDocument/didChange in 496µs

02:34:43.686 id=1288 [debug] handled request client -> server textDocument/codeAction in 263µs

02:34:43.787 [debug] sent notification server -> client window/logMessage

02:34:43.787 id=1289 [debug] handled request client -> server textDocument/documentSymbol in 1ms

02:34:43.788 [debug] sent notification server -> client window/logMessage

02:34:43.788 id=1290 [debug] handled request client -> server textDocument/documentSymbol in 1ms

02:34:45.058 [debug] handled notification client -> server textDocument/didChange in 488µs

02:34:45.058 id=1291 [debug] handled request client -> server textDocument/codeAction in 256µs

02:34:45.160 [debug] sent notification server -> client window/logMessage

02:34:45.160 id=1292 [debug] handled request client -> server textDocument/documentSymbol in 1ms

02:34:45.161 [debug] sent notification server -> client window/logMessage

02:34:45.161 id=1293 [debug] handled request client -> server textDocument/documentSymbol in 1ms

02:34:50.391 id=1294 [debug] handled request client -> server textDocument/codeAction in 429µs

02:34:51.353 [debug] handled notification client -> server textDocument/didChange in 500µs

02:34:51.353 id=1295 [debug] handled request client -> server textDocument/codeAction in 276µs

02:34:51.450 [debug] sent notification server -> client window/logMessage

02:34:51.451 id=1296 [debug] handled request client -> server textDocument/documentSymbol in 1ms

02:34:51.469 [debug] sent notification server -> client window/logMessage

02:34:51.470 id=1297 [debug] handled request client -> server textDocument/documentSymbol in 18ms

02:34:51.934 [debug] handled notification client -> server textDocument/didChange in 564µs

02:34:51.935 id=1298 [debug] handled request client -> server textDocument/codeAction in 291µs

02:34:52.033 [debug] sent notification server -> client window/logMessage

02:34:52.033 id=1299 [debug] handled request client -> server textDocument/documentSymbol in 1ms

02:34:52.034 [debug] sent notification server -> client window/logMessage

02:34:52.034 id=1300 [debug] handled request client -> server textDocument/documentSymbol in 836µs

02:34:52.556 [debug] handled notification client -> server textDocument/didChange in 444µs

02:34:52.657 id=1301 [debug] handled request client -> server textDocument/documentSymbol in 2ms

02:34:52.658 id=1302 [debug] handled request client -> server textDocument/documentSymbol in 1ms

02:34:52.756 [debug] handled notification client -> server textDocument/didChange in 278µs

02:34:52.756 [debug] handled notification client -> server textDocument/didSave in 207µs

02:34:53.085 id=1303 [debug] handled request client -> server textDocument/documentSymbol in 604µs

02:34:53.085 id=1304 [debug] handled request client -> server textDocument/documentSymbol in 312µs

02:34:53.086 [debug] handled notification client -> server workspace/didChangeWatchedFiles in 175µs

02:34:54.206 [debug] handled notification client -> server textDocument/didChange in 350µs

02:34:54.210 id=1305 [debug] handled request client -> server textDocument/codeAction in 196µs

02:34:54.307 id=1306 [debug] handled request client -> server textDocument/documentSymbol in 705µs

02:34:54.319 id=1307 [debug] handled request client -> server textDocument/documentSymbol in 11ms

02:34:54.563 [debug] handled notification client -> server textDocument/didSave in 339µs

02:34:54.900 [debug] handled notification client -> server workspace/didChangeWatchedFiles in 172µs

02:34:55.369 id=1308 [debug] handled request client -> server textDocument/codeAction in 457µs

02:34:57.402 id=1309 [debug] handled request client -> server textDocument/hover in 1001ms

02:34:57.403 [debug] handled notification client -> server $/cancelRequest in 180µs

02:34:58.124 id=1310 [debug] handled request client -> server textDocument/codeAction in 586µs

02:35:00.915 [error] ** (CaseClauseError) no case clause matching: :timeout
    (gen_lsp 0.10.0) lib/gen_lsp.ex:353: anonymous fn/7 in GenLSP.loop/3
    (gen_lsp 0.10.0) lib/gen_lsp.ex:553: GenLSP.attempt/4
    (stdlib 6.2) proc_lib.erl:329: :proc_lib.init_p_do_apply/3


02:35:00.915 [debug] sent notification server -> client window/logMessage

02:35:00.915 [debug] handled notification client -> server $/cancelRequest in 46µs

02:35:01.144 id=1312 [debug] handled request client -> server textDocument/codeAction in 347µs

02:35:01.486 [debug] handled notification client -> server textDocument/didSave in 331µs

02:35:01.823 [debug] handled notification client -> server workspace/didChangeWatchedFiles in 204µs

02:35:02.268 id=1313 [debug] handled request client -> server textDocument/codeAction in 182µs

02:35:04.568 id=1314 [debug] handled request client -> server textDocument/hover in 1001ms

02:35:04.568 [debug] handled notification client -> server $/cancelRequest in 257µs

02:35:09.198 id=1315 [debug] handled request client -> server textDocument/hover in 1000ms

02:35:12.302 id=1316 [debug] handled request client -> server textDocument/hover in 1000ms

02:35:13.948 id=1317 [debug] handled request client -> server textDocument/hover in 1000ms

02:35:13.948 [debug] handled notification client -> server $/cancelRequest in 35µs

02:35:14.950 id=1318 [debug] handled request client -> server textDocument/hover in 1001ms

02:35:14.950 [debug] handled notification client -> server $/cancelRequest in 215µs

02:35:15.951 id=1319 [debug] handled request client -> server textDocument/hover in 1000ms

02:35:15.952 id=1320 [debug] handled request client -> server textDocument/codeAction in 641µs

02:35:15.952 [debug] handled notification client -> server $/cancelRequest in 57µs

02:35:15.952 [debug] handled notification client -> server $/cancelRequest in 33µs

02:35:15.952 id=1321 [debug] handled request client -> server textDocument/codeAction in 241µs

02:35:16.954 [error] ** (Protocol.UndefinedError) protocol Enumerable not implemented for :timeout of type Atom. This protocol is implemented for the following type(s): DBConnection.PrepareStream, DBConnection.Stream, Date.Range, Exqlite.Stream, File.Stream, Function, GenEvent.Stream, HashDict, HashSet, IO.Stream, Jason.OrderedObject, List, Map, MapSet, Range, Stream
    (elixir 1.17.3) lib/enum.ex:1: Enumerable.impl_for!/1
    (elixir 1.17.3) lib/enum.ex:166: Enumerable.reduce/3
    (elixir 1.17.3) lib/enum.ex:4423: Enum.reject/2
    (next_ls 0.23.3) lib/next_ls.ex:244: NextLS.handle_request/2
    (gen_lsp 0.10.0) lib/gen_lsp.ex:350: anonymous fn/2 in GenLSP.loop/3
    (telemetry 1.2.1) /Users/runner/work/next-ls/next-ls/deps/telemetry/src/telemetry.erl:321: :telemetry.span/3
    (gen_lsp 0.10.0) lib/gen_lsp.ex:349: anonymous fn/7 in GenLSP.loop/3
    (gen_lsp 0.10.0) lib/gen_lsp.ex:553: GenLSP.attempt/4


02:35:16.954 [debug] sent notification server -> client window/logMessage

02:35:16.954 id=1323 [debug] handled request client -> server textDocument/codeAction in 238µs

02:35:16.954 [debug] handled notification client -> server $/cancelRequest in 34µs

02:35:16.954 id=1324 [debug] handled request client -> server textDocument/codeAction in 124µs

02:35:16.955 id=1325 [debug] handled request client -> server textDocument/documentSymbol in 982µs

02:35:18.075 id=1326 [debug] handled request client -> server textDocument/codeAction in 281µs

02:35:18.472 [debug] handled notification client -> server textDocument/didChange in 18ms

02:35:18.473 id=1327 [debug] handled request client -> server textDocument/documentSymbol in 942µs

02:35:18.554 id=1328 [debug] handled request client -> server textDocument/documentSymbol in 781µs

02:35:19.266 [debug] handled notification client -> server textDocument/didChange in 317µs

02:35:20.267 [debug] sent notification server -> client window/logMessage

02:35:20.267 id=1329 [debug] handled request client -> server textDocument/completion in 1001ms

02:35:20.267 [warning] Failed to run completion request: ** (MatchError) no match of right hand side value: :timeout
    (next_ls 0.23.3) lib/next_ls.ex:631: NextLS.handle_request/2
    (gen_lsp 0.10.0) lib/gen_lsp.ex:350: anonymous fn/2 in GenLSP.loop/3
    (telemetry 1.2.1) /Users/runner/work/next-ls/next-ls/deps/telemetry/src/telemetry.erl:321: :telemetry.span/3
    (gen_lsp 0.10.0) lib/gen_lsp.ex:349: anonymous fn/7 in GenLSP.loop/3
    (gen_lsp 0.10.0) lib/gen_lsp.ex:553: GenLSP.attempt/4
    (stdlib 6.2) proc_lib.erl:329: :proc_lib.init_p_do_apply/3


02:35:20.268 [debug] handled notification client -> server textDocument/didChange in 446µs

02:35:20.269 id=1330 [debug] handled request client -> server textDocument/documentSymbol in 864µs

02:35:20.321 id=1331 [debug] handled request client -> server textDocument/documentSymbol in 1ms

02:35:20.787 [debug] handled notification client -> server textDocument/didChange in 663µs

02:35:20.787 id=1332 [debug] handled request client -> server textDocument/codeAction in 239µs

02:35:20.788 id=1333 [debug] handled request client -> server textDocument/documentSymbol in 1ms

02:35:20.889 id=1334 [debug] handled request client -> server textDocument/documentSymbol in 969µs

02:35:20.900 [debug] handled notification client -> server textDocument/didSave in 397µs

02:35:22.075 [error] ** (Protocol.UndefinedError) protocol Enumerable not implemented for :timeout of type Atom. This protocol is implemented for the following type(s): DBConnection.PrepareStream, DBConnection.Stream, Date.Range, Exqlite.Stream, File.Stream, Function, GenEvent.Stream, HashDict, HashSet, IO.Stream, Jason.OrderedObject, List, Map, MapSet, Range, Stream
    (elixir 1.17.3) lib/enum.ex:1: Enumerable.impl_for!/1
    (elixir 1.17.3) lib/enum.ex:166: Enumerable.reduce/3
    (elixir 1.17.3) lib/enum.ex:4423: Enum.reject/2
    (next_ls 0.23.3) lib/next_ls.ex:244: NextLS.handle_request/2
    (gen_lsp 0.10.0) lib/gen_lsp.ex:350: anonymous fn/2 in GenLSP.loop/3
    (telemetry 1.2.1) /Users/runner/work/next-ls/next-ls/deps/telemetry/src/telemetry.erl:321: :telemetry.span/3
    (gen_lsp 0.10.0) lib/gen_lsp.ex:349: anonymous fn/7 in GenLSP.loop/3
    (gen_lsp 0.10.0) lib/gen_lsp.ex:553: GenLSP.attempt/4


02:35:22.075 [debug] sent notification server -> client window/logMessage

02:35:22.085 [debug] handled notification client -> server workspace/didChangeWatchedFiles in 10ms

02:35:23.086 id=1336 [debug] handled request client -> server textDocument/hover in 1000ms

02:35:23.086 [debug] handled notification client -> server $/cancelRequest in 106µs

02:35:23.086 id=1337 [debug] handled request client -> server textDocument/codeAction in 309µs

02:35:24.088 [error] ** (Protocol.UndefinedError) protocol Enumerable not implemented for :timeout of type Atom. This protocol is implemented for the following type(s): DBConnection.PrepareStream, DBConnection.Stream, Date.Range, Exqlite.Stream, File.Stream, Function, GenEvent.Stream, HashDict, HashSet, IO.Stream, Jason.OrderedObject, List, Map, MapSet, Range, Stream
    (elixir 1.17.3) lib/enum.ex:1: Enumerable.impl_for!/1
    (elixir 1.17.3) lib/enum.ex:166: Enumerable.reduce/3
    (elixir 1.17.3) lib/enum.ex:4423: Enum.reject/2
    (next_ls 0.23.3) lib/next_ls.ex:244: NextLS.handle_request/2
    (gen_lsp 0.10.0) lib/gen_lsp.ex:350: anonymous fn/2 in GenLSP.loop/3
    (telemetry 1.2.1) /Users/runner/work/next-ls/next-ls/deps/telemetry/src/telemetry.erl:321: :telemetry.span/3
    (gen_lsp 0.10.0) lib/gen_lsp.ex:349: anonymous fn/7 in GenLSP.loop/3
    (gen_lsp 0.10.0) lib/gen_lsp.ex:553: GenLSP.attempt/4


02:35:24.088 [debug] sent notification server -> client window/logMessage

02:35:25.088 id=1339 [debug] handled request client -> server textDocument/hover in 1000ms

02:35:25.088 [debug] handled notification client -> server $/cancelRequest in 70µs

02:35:25.088 id=1340 [debug] handled request client -> server textDocument/codeAction in 162µs

02:35:25.089 [debug] handled notification client -> server $/cancelRequest in 26µs

02:35:25.342 [debug] handled notification client -> server textDocument/didChange in 445µs

02:35:25.344 id=1341 [debug] handled request client -> server textDocument/codeAction in 214µs

02:35:25.345 [debug] sent notification server -> client window/logMessage

02:35:25.345 id=1342 [debug] handled request client -> server textDocument/documentSymbol in 855µs

02:35:25.442 [debug] sent notification server -> client window/logMessage

02:35:25.443 id=1343 [debug] handled request client -> server textDocument/documentSymbol in 960µs

02:35:26.155 [debug] handled notification client -> server textDocument/didChange in 645µs

02:35:26.155 id=1344 [debug] handled request client -> server textDocument/codeAction in 283µs

02:35:26.156 id=1345 [debug] handled request client -> server textDocument/documentSymbol in 1ms

02:35:26.269 [debug] handled notification client -> server textDocument/didSave in 14ms

02:35:26.270 id=1346 [debug] handled request client -> server textDocument/documentSymbol in 683µs

02:35:27.466 [error] ** (Protocol.UndefinedError) protocol Enumerable not implemented for :timeout of type Atom. This protocol is implemented for the following type(s): DBConnection.PrepareStream, DBConnection.Stream, Date.Range, Exqlite.Stream, File.Stream, Function, GenEvent.Stream, HashDict, HashSet, IO.Stream, Jason.OrderedObject, List, Map, MapSet, Range, Stream
    (elixir 1.17.3) lib/enum.ex:1: Enumerable.impl_for!/1
    (elixir 1.17.3) lib/enum.ex:166: Enumerable.reduce/3
    (elixir 1.17.3) lib/enum.ex:4423: Enum.reject/2
    (next_ls 0.23.3) lib/next_ls.ex:244: NextLS.handle_request/2
    (gen_lsp 0.10.0) lib/gen_lsp.ex:350: anonymous fn/2 in GenLSP.loop/3
    (telemetry 1.2.1) /Users/runner/work/next-ls/next-ls/deps/telemetry/src/telemetry.erl:321: :telemetry.span/3
    (gen_lsp 0.10.0) lib/gen_lsp.ex:349: anonymous fn/7 in GenLSP.loop/3
    (gen_lsp 0.10.0) lib/gen_lsp.ex:553: GenLSP.attempt/4


02:35:27.466 [debug] sent notification server -> client window/logMessage

02:35:27.467 [debug] handled notification client -> server workspace/didChangeWatchedFiles in 267µs

02:35:28.468 id=1348 [debug] handled request client -> server textDocument/hover in 1001ms

02:35:28.468 [debug] handled notification client -> server $/cancelRequest in 39µs

02:35:28.468 id=1349 [debug] handled request client -> server textDocument/codeAction in 148µs

02:35:28.468 [debug] handled notification client -> server textDocument/didSave in 259µs

02:35:28.468 [debug] handled notification client -> server workspace/didChangeWatchedFiles in 188µs

02:35:28.751 id=1350 [debug] handled request client -> server textDocument/codeAction in 199µs

02:35:29.003 id=1351 [debug] handled request client -> server textDocument/codeAction in 390µs

02:35:29.052 id=1352 [debug] handled request client -> server textDocument/documentSymbol in 1ms

02:35:30.381 id=1353 [debug] handled request client -> server textDocument/codeAction in 375µs

02:35:32.342 id=1354 [debug] handled request client -> server textDocument/hover in 1000ms

02:35:32.342 [debug] handled notification client -> server $/cancelRequest in 248µs

02:35:32.343 id=1355 [debug] handled request client -> server textDocument/codeAction in 491µs

02:35:33.346 [error] ** (Protocol.UndefinedError) protocol Enumerable not implemented for :timeout of type Atom. This protocol is implemented for the following type(s): DBConnection.PrepareStream, DBConnection.Stream, Date.Range, Exqlite.Stream, File.Stream, Function, GenEvent.Stream, HashDict, HashSet, IO.Stream, Jason.OrderedObject, List, Map, MapSet, Range, Stream
    (elixir 1.17.3) lib/enum.ex:1: Enumerable.impl_for!/1
    (elixir 1.17.3) lib/enum.ex:166: Enumerable.reduce/3
    (elixir 1.17.3) lib/enum.ex:4423: Enum.reject/2
    (next_ls 0.23.3) lib/next_ls.ex:244: NextLS.handle_request/2
    (gen_lsp 0.10.0) lib/gen_lsp.ex:350: anonymous fn/2 in GenLSP.loop/3
    (telemetry 1.2.1) /Users/runner/work/next-ls/next-ls/deps/telemetry/src/telemetry.erl:321: :telemetry.span/3
    (gen_lsp 0.10.0) lib/gen_lsp.ex:349: anonymous fn/7 in GenLSP.loop/3
    (gen_lsp 0.10.0) lib/gen_lsp.ex:553: GenLSP.attempt/4


02:35:33.346 [debug] sent notification server -> client window/logMessage

02:35:33.346 [debug] handled notification client -> server $/cancelRequest in 180µs

02:35:33.348 [debug] handled notification client -> server textDocument/didChange in 1ms

02:35:33.351 id=1357 [debug] handled request client -> server textDocument/documentSymbol in 2ms

02:35:33.352 [debug] handled notification client -> server textDocument/didChange in 603µs

02:35:33.353 id=1358 [debug] handled request client -> server textDocument/documentSymbol in 1ms

02:35:33.353 [debug] handled notification client -> server $/cancelRequest in 43µs

02:35:33.353 [debug] handled notification client -> server $/cancelRequest in 32µs

02:35:33.354 id=1359 [debug] handled request client -> server textDocument/documentSymbol in 888µs

02:35:33.372 id=1360 [debug] handled request client -> server textDocument/documentSymbol in 17ms

02:35:33.372 [debug] handled notification client -> server $/cancelRequest in 30µs

02:35:33.372 [debug] handled notification client -> server textDocument/didChange in 282µs

02:35:33.372 id=1361 [debug] handled request client -> server textDocument/codeAction in 130µs

02:35:33.372 [debug] handled notification client -> server $/cancelRequest in 20µs

02:35:33.373 id=1362 [debug] handled request client -> server textDocument/documentSymbol in 729µs

02:35:33.374 id=1363 [debug] handled request client -> server textDocument/documentSymbol in 589µs

02:35:34.703 id=1364 [debug] handled request client -> server textDocument/codeAction in 465µs

02:35:34.812 [debug] handled notification client -> server textDocument/didSave in 252µs

02:35:35.146 [debug] handled notification client -> server workspace/didChangeWatchedFiles in 297µs

02:35:35.588 id=1365 [debug] handled request client -> server textDocument/codeAction in 336µs

02:35:38.606 id=1366 [debug] handled request client -> server textDocument/hover in 1001ms

02:35:38.606 [debug] handled notification client -> server $/cancelRequest in 133µs

02:35:40.635 id=1367 [debug] handled request client -> server textDocument/hover in 1001ms

02:35:40.636 [debug] handled notification client -> server $/cancelRequest in 35µs

02:35:40.636 id=1368 [debug] handled request client -> server textDocument/codeAction in 145µs

02:35:40.636 [debug] handled notification client -> server textDocument/didSave in 231µs

02:35:41.644 [error] ** (Protocol.UndefinedError) protocol Enumerable not implemented for :timeout of type Atom. This protocol is implemented for the following type(s): DBConnection.PrepareStream, DBConnection.Stream, Date.Range, Exqlite.Stream, File.Stream, Function, GenEvent.Stream, HashDict, HashSet, IO.Stream, Jason.OrderedObject, List, Map, MapSet, Range, Stream
    (elixir 1.17.3) lib/enum.ex:1: Enumerable.impl_for!/1
    (elixir 1.17.3) lib/enum.ex:166: Enumerable.reduce/3
    (elixir 1.17.3) lib/enum.ex:4423: Enum.reject/2
    (next_ls 0.23.3) lib/next_ls.ex:244: NextLS.handle_request/2
    (gen_lsp 0.10.0) lib/gen_lsp.ex:350: anonymous fn/2 in GenLSP.loop/3
    (telemetry 1.2.1) /Users/runner/work/next-ls/next-ls/deps/telemetry/src/telemetry.erl:321: :telemetry.span/3
    (gen_lsp 0.10.0) lib/gen_lsp.ex:349: anonymous fn/7 in GenLSP.loop/3
    (gen_lsp 0.10.0) lib/gen_lsp.ex:553: GenLSP.attempt/4


02:35:41.644 [debug] sent notification server -> client window/logMessage

02:35:41.645 [debug] handled notification client -> server $/cancelRequest in 30µs

02:35:42.646 [error] ** (Protocol.UndefinedError) protocol Enumerable not implemented for :timeout of type Atom. This protocol is implemented for the following type(s): DBConnection.PrepareStream, DBConnection.Stream, Date.Range, Exqlite.Stream, File.Stream, Function, GenEvent.Stream, HashDict, HashSet, IO.Stream, Jason.OrderedObject, List, Map, MapSet, Range, Stream
    (elixir 1.17.3) lib/enum.ex:1: Enumerable.impl_for!/1
    (elixir 1.17.3) lib/enum.ex:166: Enumerable.reduce/3
    (elixir 1.17.3) lib/enum.ex:4423: Enum.reject/2
    (next_ls 0.23.3) lib/next_ls.ex:244: NextLS.handle_request/2
    (gen_lsp 0.10.0) lib/gen_lsp.ex:350: anonymous fn/2 in GenLSP.loop/3
    (telemetry 1.2.1) /Users/runner/work/next-ls/next-ls/deps/telemetry/src/telemetry.erl:321: :telemetry.span/3
    (gen_lsp 0.10.0) lib/gen_lsp.ex:349: anonymous fn/7 in GenLSP.loop/3
    (gen_lsp 0.10.0) lib/gen_lsp.ex:553: GenLSP.attempt/4


02:35:42.646 [debug] sent notification server -> client window/logMessage

02:35:42.646 [debug] handled notification client -> server $/cancelRequest in 30µs

02:35:43.647 [error] ** (Protocol.UndefinedError) protocol Enumerable not implemented for :timeout of type Atom. This protocol is implemented for the following type(s): DBConnection.PrepareStream, DBConnection.Stream, Date.Range, Exqlite.Stream, File.Stream, Function, GenEvent.Stream, HashDict, HashSet, IO.Stream, Jason.OrderedObject, List, Map, MapSet, Range, Stream
    (elixir 1.17.3) lib/enum.ex:1: Enumerable.impl_for!/1
    (elixir 1.17.3) lib/enum.ex:166: Enumerable.reduce/3
    (elixir 1.17.3) lib/enum.ex:4423: Enum.reject/2
    (next_ls 0.23.3) lib/next_ls.ex:244: NextLS.handle_request/2
    (gen_lsp 0.10.0) lib/gen_lsp.ex:350: anonymous fn/2 in GenLSP.loop/3
    (telemetry 1.2.1) /Users/runner/work/next-ls/next-ls/deps/telemetry/src/telemetry.erl:321: :telemetry.span/3
    (gen_lsp 0.10.0) lib/gen_lsp.ex:349: anonymous fn/7 in GenLSP.loop/3
    (gen_lsp 0.10.0) lib/gen_lsp.ex:553: GenLSP.attempt/4


02:35:43.647 [debug] sent notification server -> client window/logMessage

02:35:43.647 [debug] handled notification client -> server $/cancelRequest in 68µs

02:35:44.651 [error] ** (Protocol.UndefinedError) protocol Enumerable not implemented for :timeout of type Atom. This protocol is implemented for the following type(s): DBConnection.PrepareStream, DBConnection.Stream, Date.Range, Exqlite.Stream, File.Stream, Function, GenEvent.Stream, HashDict, HashSet, IO.Stream, Jason.OrderedObject, List, Map, MapSet, Range, Stream
    (elixir 1.17.3) lib/enum.ex:1: Enumerable.impl_for!/1
    (elixir 1.17.3) lib/enum.ex:166: Enumerable.reduce/3
    (elixir 1.17.3) lib/enum.ex:4423: Enum.reject/2
    (next_ls 0.23.3) lib/next_ls.ex:244: NextLS.handle_request/2
    (gen_lsp 0.10.0) lib/gen_lsp.ex:350: anonymous fn/2 in GenLSP.loop/3
    (telemetry 1.2.1) /Users/runner/work/next-ls/next-ls/deps/telemetry/src/telemetry.erl:321: :telemetry.span/3
    (gen_lsp 0.10.0) lib/gen_lsp.ex:349: anonymous fn/7 in GenLSP.loop/3
    (gen_lsp 0.10.0) lib/gen_lsp.ex:553: GenLSP.attempt/4


02:35:44.651 [debug] sent notification server -> client window/logMessage

02:35:44.651 [debug] handled notification client -> server $/cancelRequest in 105µs

02:35:45.653 [error] ** (Protocol.UndefinedError) protocol Enumerable not implemented for :timeout of type Atom. This protocol is implemented for the following type(s): DBConnection.PrepareStream, DBConnection.Stream, Date.Range, Exqlite.Stream, File.Stream, Function, GenEvent.Stream, HashDict, HashSet, IO.Stream, Jason.OrderedObject, List, Map, MapSet, Range, Stream
    (elixir 1.17.3) lib/enum.ex:1: Enumerable.impl_for!/1
    (elixir 1.17.3) lib/enum.ex:166: Enumerable.reduce/3
    (elixir 1.17.3) lib/enum.ex:4423: Enum.reject/2
    (next_ls 0.23.3) lib/next_ls.ex:244: NextLS.handle_request/2
    (gen_lsp 0.10.0) lib/gen_lsp.ex:350: anonymous fn/2 in GenLSP.loop/3
    (telemetry 1.2.1) /Users/runner/work/next-ls/next-ls/deps/telemetry/src/telemetry.erl:321: :telemetry.span/3
    (gen_lsp 0.10.0) lib/gen_lsp.ex:349: anonymous fn/7 in GenLSP.loop/3
    (gen_lsp 0.10.0) lib/gen_lsp.ex:553: GenLSP.attempt/4


02:35:45.653 [debug] sent notification server -> client window/logMessage

02:35:45.658 [debug] handled notification client -> server workspace/didChangeWatchedFiles in 4ms

02:35:45.658 id=1374 [debug] handled request client -> server textDocument/codeAction in 356µs

02:35:45.658 [debug] handled notification client -> server $/cancelRequest in 41µs

02:35:45.659 id=1375 [debug] handled request client -> server textDocument/codeAction in 211µs

02:35:45.660 id=1376 [debug] handled request client -> server textDocument/documentSymbol in 1ms

02:35:46.661 id=1377 [debug] handled request client -> server textDocument/hover in 1000ms

02:35:46.661 [debug] handled notification client -> server $/cancelRequest in 64µs

02:35:46.661 [debug] handled notification client -> server $/cancelRequest in 26µs

02:35:46.661 id=1378 [debug] handled request client -> server textDocument/codeAction in 188µs

02:35:46.661 [debug] handled notification client -> server $/cancelRequest in 21µs

02:35:46.661 [debug] handled notification client -> server $/cancelRequest in 19µs

02:35:46.661 id=1379 [debug] handled request client -> server textDocument/codeAction in 118µs

02:35:46.661 [debug] handled notification client -> server $/cancelRequest in 26µs

02:35:46.662 id=1380 [debug] handled request client -> server textDocument/codeAction in 231µs

02:35:46.663 id=1381 [debug] handled request client -> server textDocument/documentSymbol in 1ms

02:35:49.217 id=1382 [debug] handled request client -> server textDocument/codeAction in 459µs

02:35:49.797 [debug] handled notification client -> server textDocument/didSave in 244µs

02:35:50.138 [debug] handled notification client -> server workspace/didChangeWatchedFiles in 163µs

02:35:53.412 id=1383 [debug] handled request client -> server textDocument/codeAction in 745µs

02:35:58.410 [debug] handled notification client -> server textDocument/didSave in 300µs

02:35:58.749 [debug] handled notification client -> server workspace/didChangeWatchedFiles in 204µs

02:36:02.944 id=1384 [debug] handled request client -> server textDocument/hover in 1000ms

02:36:02.944 [debug] handled notification client -> server $/cancelRequest in 156µs

02:36:03.363 id=1385 [debug] handled request client -> server textDocument/codeAction in 404µs

02:36:04.960 id=1386 [debug] handled request client -> server textDocument/codeAction in 393µs

02:36:05.304 id=1387 [debug] handled request client -> server textDocument/codeAction in 400µs

02:36:05.976 [debug] handled notification client -> server textDocument/didChange in 423µs

02:36:06.106 id=1388 [debug] handled request client -> server textDocument/documentSymbol in 22ms

02:36:06.107 id=1389 [debug] handled request client -> server textDocument/documentSymbol in 771µs

02:36:06.448 [debug] handled notification client -> server textDocument/didChange in 233µs

02:36:06.448 [debug] handled notification client -> server textDocument/didSave in 170µs

02:36:06.774 id=1390 [debug] handled request client -> server textDocument/documentSymbol in 503µs

02:36:06.775 id=1391 [debug] handled request client -> server textDocument/documentSymbol in 484µs

02:36:06.777 [debug] handled notification client -> server workspace/didChangeWatchedFiles in 224µs

02:36:09.525 id=1392 [debug] handled request client -> server textDocument/codeAction in 662µs

02:37:04.378 [debug] handled notification client -> server textDocument/didChange in 642µs

02:37:04.381 id=1393 [debug] handled request client -> server textDocument/codeAction in 308µs

02:37:04.493 id=1394 [debug] handled request client -> server textDocument/documentSymbol in 19ms

02:37:04.494 id=1395 [debug] handled request client -> server textDocument/documentSymbol in 926µs

02:37:04.549 [debug] handled notification client -> server textDocument/didChange in 866µs

02:37:04.550 [debug] handled notification client -> server textDocument/didSave in 281µs

02:37:05.741 [error] ** (Protocol.UndefinedError) protocol Enumerable not implemented for :timeout of type Atom. This protocol is implemented for the following type(s): DBConnection.PrepareStream, DBConnection.Stream, Date.Range, Exqlite.Stream, File.Stream, Function, GenEvent.Stream, HashDict, HashSet, IO.Stream, Jason.OrderedObject, List, Map, MapSet, Range, Stream
    (elixir 1.17.3) lib/enum.ex:1: Enumerable.impl_for!/1
    (elixir 1.17.3) lib/enum.ex:166: Enumerable.reduce/3
    (elixir 1.17.3) lib/enum.ex:4423: Enum.reject/2
    (next_ls 0.23.3) lib/next_ls.ex:244: NextLS.handle_request/2
    (gen_lsp 0.10.0) lib/gen_lsp.ex:350: anonymous fn/2 in GenLSP.loop/3
    (telemetry 1.2.1) /Users/runner/work/next-ls/next-ls/deps/telemetry/src/telemetry.erl:321: :telemetry.span/3
    (gen_lsp 0.10.0) lib/gen_lsp.ex:349: anonymous fn/7 in GenLSP.loop/3
    (gen_lsp 0.10.0) lib/gen_lsp.ex:553: GenLSP.attempt/4


02:37:05.741 [debug] sent notification server -> client window/logMessage

02:37:05.742 [debug] handled notification client -> server $/cancelRequest in 33µs

02:37:06.743 [error] ** (Protocol.UndefinedError) protocol Enumerable not implemented for :timeout of type Atom. This protocol is implemented for the following type(s): DBConnection.PrepareStream, DBConnection.Stream, Date.Range, Exqlite.Stream, File.Stream, Function, GenEvent.Stream, HashDict, HashSet, IO.Stream, Jason.OrderedObject, List, Map, MapSet, Range, Stream
    (elixir 1.17.3) lib/enum.ex:1: Enumerable.impl_for!/1
    (elixir 1.17.3) lib/enum.ex:166: Enumerable.reduce/3
    (elixir 1.17.3) lib/enum.ex:4423: Enum.reject/2
    (next_ls 0.23.3) lib/next_ls.ex:244: NextLS.handle_request/2
    (gen_lsp 0.10.0) lib/gen_lsp.ex:350: anonymous fn/2 in GenLSP.loop/3
    (telemetry 1.2.1) /Users/runner/work/next-ls/next-ls/deps/telemetry/src/telemetry.erl:321: :telemetry.span/3
    (gen_lsp 0.10.0) lib/gen_lsp.ex:349: anonymous fn/7 in GenLSP.loop/3
    (gen_lsp 0.10.0) lib/gen_lsp.ex:553: GenLSP.attempt/4


02:37:06.743 [debug] sent notification server -> client window/logMessage

02:37:06.744 id=1398 [debug] handled request client -> server textDocument/documentSymbol in 926µs

02:37:06.745 id=1399 [debug] handled request client -> server textDocument/documentSymbol in 764µs

02:37:06.745 [debug] handled notification client -> server workspace/didChangeWatchedFiles in 233µs

02:37:07.931 [error] ** (CaseClauseError) no case clause matching: :timeout
    (gen_lsp 0.10.0) lib/gen_lsp.ex:353: anonymous fn/7 in GenLSP.loop/3
    (gen_lsp 0.10.0) lib/gen_lsp.ex:553: GenLSP.attempt/4
    (stdlib 6.2) proc_lib.erl:329: :proc_lib.init_p_do_apply/3


02:37:07.931 [debug] sent notification server -> client window/logMessage

02:37:07.932 [debug] handled notification client -> server $/cancelRequest in 95µs

02:37:07.993 [debug] handled notification client -> server textDocument/didSave in 499µs

02:37:09.163 [error] ** (Protocol.UndefinedError) protocol Enumerable not implemented for :timeout of type Atom. This protocol is implemented for the following type(s): DBConnection.PrepareStream, DBConnection.Stream, Date.Range, Exqlite.Stream, File.Stream, Function, GenEvent.Stream, HashDict, HashSet, IO.Stream, Jason.OrderedObject, List, Map, MapSet, Range, Stream
    (elixir 1.17.3) lib/enum.ex:1: Enumerable.impl_for!/1
    (elixir 1.17.3) lib/enum.ex:166: Enumerable.reduce/3
    (elixir 1.17.3) lib/enum.ex:4423: Enum.reject/2
    (next_ls 0.23.3) lib/next_ls.ex:244: NextLS.handle_request/2
    (gen_lsp 0.10.0) lib/gen_lsp.ex:350: anonymous fn/2 in GenLSP.loop/3
    (telemetry 1.2.1) /Users/runner/work/next-ls/next-ls/deps/telemetry/src/telemetry.erl:321: :telemetry.span/3
    (gen_lsp 0.10.0) lib/gen_lsp.ex:349: anonymous fn/7 in GenLSP.loop/3
    (gen_lsp 0.10.0) lib/gen_lsp.ex:553: GenLSP.attempt/4


02:37:09.164 [debug] sent notification server -> client window/logMessage

02:37:09.164 [debug] handled notification client -> server $/cancelRequest in 136µs

02:37:10.188 [error] ** (Protocol.UndefinedError) protocol Enumerable not implemented for :timeout of type Atom. This protocol is implemented for the following type(s): DBConnection.PrepareStream, DBConnection.Stream, Date.Range, Exqlite.Stream, File.Stream, Function, GenEvent.Stream, HashDict, HashSet, IO.Stream, Jason.OrderedObject, List, Map, MapSet, Range, Stream
    (elixir 1.17.3) lib/enum.ex:1: Enumerable.impl_for!/1
    (elixir 1.17.3) lib/enum.ex:166: Enumerable.reduce/3
    (elixir 1.17.3) lib/enum.ex:4423: Enum.reject/2
    (next_ls 0.23.3) lib/next_ls.ex:244: NextLS.handle_request/2
    (gen_lsp 0.10.0) lib/gen_lsp.ex:350: anonymous fn/2 in GenLSP.loop/3
    (telemetry 1.2.1) /Users/runner/work/next-ls/next-ls/deps/telemetry/src/telemetry.erl:321: :telemetry.span/3
    (gen_lsp 0.10.0) lib/gen_lsp.ex:349: anonymous fn/7 in GenLSP.loop/3
    (gen_lsp 0.10.0) lib/gen_lsp.ex:553: GenLSP.attempt/4


02:37:10.188 [debug] sent notification server -> client window/logMessage

02:37:10.189 [debug] handled notification client -> server workspace/didChangeWatchedFiles in 543µs

02:37:12.617 id=1403 [debug] handled request client -> server textDocument/hover in 1001ms

02:37:12.617 [debug] handled notification client -> server $/cancelRequest in 111µs

02:37:12.618 id=1404 [debug] handled request client -> server textDocument/codeAction in 306µs

02:37:13.328 [debug] handled notification client -> server textDocument/didSave in 536µs

02:37:13.660 [debug] handled notification client -> server workspace/didChangeWatchedFiles in 176µs

02:37:29.218 id=1405 [debug] handled request client -> server textDocument/codeAction in 695µs

02:37:29.533 [debug] handled notification client -> server textDocument/didSave in 448µs

02:37:30.671 [error] ** (Protocol.UndefinedError) protocol Enumerable not implemented for :timeout of type Atom. This protocol is implemented for the following type(s): DBConnection.PrepareStream, DBConnection.Stream, Date.Range, Exqlite.Stream, File.Stream, Function, GenEvent.Stream, HashDict, HashSet, IO.Stream, Jason.OrderedObject, List, Map, MapSet, Range, Stream
    (elixir 1.17.3) lib/enum.ex:1: Enumerable.impl_for!/1
    (elixir 1.17.3) lib/enum.ex:166: Enumerable.reduce/3
    (elixir 1.17.3) lib/enum.ex:4423: Enum.reject/2
    (next_ls 0.23.3) lib/next_ls.ex:244: NextLS.handle_request/2
    (gen_lsp 0.10.0) lib/gen_lsp.ex:350: anonymous fn/2 in GenLSP.loop/3
    (telemetry 1.2.1) /Users/runner/work/next-ls/next-ls/deps/telemetry/src/telemetry.erl:321: :telemetry.span/3
    (gen_lsp 0.10.0) lib/gen_lsp.ex:349: anonymous fn/7 in GenLSP.loop/3
    (gen_lsp 0.10.0) lib/gen_lsp.ex:553: GenLSP.attempt/4


02:37:30.671 [debug] sent notification server -> client window/logMessage

02:37:30.672 [debug] handled notification client -> server $/cancelRequest in 53µs

02:37:31.674 [error] ** (Protocol.UndefinedError) protocol Enumerable not implemented for :timeout of type Atom. This protocol is implemented for the following type(s): DBConnection.PrepareStream, DBConnection.Stream, Date.Range, Exqlite.Stream, File.Stream, Function, GenEvent.Stream, HashDict, HashSet, IO.Stream, Jason.OrderedObject, List, Map, MapSet, Range, Stream
    (elixir 1.17.3) lib/enum.ex:1: Enumerable.impl_for!/1
    (elixir 1.17.3) lib/enum.ex:166: Enumerable.reduce/3
    (elixir 1.17.3) lib/enum.ex:4423: Enum.reject/2
    (next_ls 0.23.3) lib/next_ls.ex:244: NextLS.handle_request/2
    (gen_lsp 0.10.0) lib/gen_lsp.ex:350: anonymous fn/2 in GenLSP.loop/3
    (telemetry 1.2.1) /Users/runner/work/next-ls/next-ls/deps/telemetry/src/telemetry.erl:321: :telemetry.span/3
    (gen_lsp 0.10.0) lib/gen_lsp.ex:349: anonymous fn/7 in GenLSP.loop/3
    (gen_lsp 0.10.0) lib/gen_lsp.ex:553: GenLSP.attempt/4


02:37:31.674 [debug] sent notification server -> client window/logMessage

02:37:31.675 [debug] handled notification client -> server $/cancelRequest in 149µs

02:37:32.676 [error] ** (Protocol.UndefinedError) protocol Enumerable not implemented for :timeout of type Atom. This protocol is implemented for the following type(s): DBConnection.PrepareStream, DBConnection.Stream, Date.Range, Exqlite.Stream, File.Stream, Function, GenEvent.Stream, HashDict, HashSet, IO.Stream, Jason.OrderedObject, List, Map, MapSet, Range, Stream
    (elixir 1.17.3) lib/enum.ex:1: Enumerable.impl_for!/1
    (elixir 1.17.3) lib/enum.ex:166: Enumerable.reduce/3
    (elixir 1.17.3) lib/enum.ex:4423: Enum.reject/2
    (next_ls 0.23.3) lib/next_ls.ex:244: NextLS.handle_request/2
    (gen_lsp 0.10.0) lib/gen_lsp.ex:350: anonymous fn/2 in GenLSP.loop/3
    (telemetry 1.2.1) /Users/runner/work/next-ls/next-ls/deps/telemetry/src/telemetry.erl:321: :telemetry.span/3
    (gen_lsp 0.10.0) lib/gen_lsp.ex:349: anonymous fn/7 in GenLSP.loop/3
    (gen_lsp 0.10.0) lib/gen_lsp.ex:553: GenLSP.attempt/4


02:37:32.677 [debug] sent notification server -> client window/logMessage

02:37:32.677 [debug] handled notification client -> server $/cancelRequest in 30µs

02:37:33.679 [error] ** (Protocol.UndefinedError) protocol Enumerable not implemented for :timeout of type Atom. This protocol is implemented for the following type(s): DBConnection.PrepareStream, DBConnection.Stream, Date.Range, Exqlite.Stream, File.Stream, Function, GenEvent.Stream, HashDict, HashSet, IO.Stream, Jason.OrderedObject, List, Map, MapSet, Range, Stream
    (elixir 1.17.3) lib/enum.ex:1: Enumerable.impl_for!/1
    (elixir 1.17.3) lib/enum.ex:166: Enumerable.reduce/3
    (elixir 1.17.3) lib/enum.ex:4423: Enum.reject/2
    (next_ls 0.23.3) lib/next_ls.ex:244: NextLS.handle_request/2
    (gen_lsp 0.10.0) lib/gen_lsp.ex:350: anonymous fn/2 in GenLSP.loop/3
    (telemetry 1.2.1) /Users/runner/work/next-ls/next-ls/deps/telemetry/src/telemetry.erl:321: :telemetry.span/3
    (gen_lsp 0.10.0) lib/gen_lsp.ex:349: anonymous fn/7 in GenLSP.loop/3
    (gen_lsp 0.10.0) lib/gen_lsp.ex:553: GenLSP.attempt/4


02:37:33.679 [debug] sent notification server -> client window/logMessage

02:37:33.681 [debug] handled notification client -> server workspace/didChangeWatchedFiles in 1ms

02:37:34.681 id=1410 [debug] handled request client -> server textDocument/hover in 1000ms

02:37:34.682 [debug] handled notification client -> server $/cancelRequest in 105µs

02:37:34.682 id=1411 [debug] handled request client -> server textDocument/codeAction in 317µs

02:37:34.683 [debug] handled notification client -> server textDocument/didSave in 716µs

02:37:34.683 [debug] handled notification client -> server workspace/didChangeWatchedFiles in 380µs

02:37:35.684 id=1412 [debug] handled request client -> server textDocument/hover in 1000ms

02:37:35.684 [debug] handled notification client -> server $/cancelRequest in 54µs

02:37:35.684 [debug] handled notification client -> server $/cancelRequest in 19µs

02:37:35.685 id=1413 [debug] handled request client -> server textDocument/codeAction in 188µs

02:37:36.701 [error] ** (Protocol.UndefinedError) protocol Enumerable not implemented for :timeout of type Atom. This protocol is implemented for the following type(s): DBConnection.PrepareStream, DBConnection.Stream, Date.Range, Exqlite.Stream, File.Stream, Function, GenEvent.Stream, HashDict, HashSet, IO.Stream, Jason.OrderedObject, List, Map, MapSet, Range, Stream
    (elixir 1.17.3) lib/enum.ex:1: Enumerable.impl_for!/1
    (elixir 1.17.3) lib/enum.ex:166: Enumerable.reduce/3
    (elixir 1.17.3) lib/enum.ex:4423: Enum.reject/2
    (next_ls 0.23.3) lib/next_ls.ex:244: NextLS.handle_request/2
    (gen_lsp 0.10.0) lib/gen_lsp.ex:350: anonymous fn/2 in GenLSP.loop/3
    (telemetry 1.2.1) /Users/runner/work/next-ls/next-ls/deps/telemetry/src/telemetry.erl:321: :telemetry.span/3
    (gen_lsp 0.10.0) lib/gen_lsp.ex:349: anonymous fn/7 in GenLSP.loop/3
    (gen_lsp 0.10.0) lib/gen_lsp.ex:553: GenLSP.attempt/4


02:37:36.701 [debug] sent notification server -> client window/logMessage

02:37:36.701 id=1415 [debug] handled request client -> server textDocument/codeAction in 297µs

02:37:39.418 id=1416 [debug] handled request client -> server textDocument/hover in 1001ms

02:37:39.419 [debug] handled notification client -> server $/cancelRequest in 101µs

02:37:40.419 id=1417 [debug] handled request client -> server textDocument/hover in 1000ms

02:37:40.419 [debug] handled notification client -> server $/cancelRequest in 100µs

02:37:40.448 id=1418 [debug] handled request client -> server textDocument/codeAction in 171µs

02:37:40.702 id=1419 [debug] handled request client -> server textDocument/codeAction in 135µs

02:37:40.748 id=1420 [debug] handled request client -> server textDocument/documentSymbol in 593µs

02:37:42.154 id=1421 [debug] handled request client -> server textDocument/hover in 1001ms

02:37:42.154 [debug] handled notification client -> server $/cancelRequest in 201µs

02:37:43.156 id=1422 [debug] handled request client -> server textDocument/hover in 1001ms

02:37:43.157 [debug] handled notification client -> server $/cancelRequest in 48µs

02:37:44.157 id=1423 [debug] handled request client -> server textDocument/hover in 1000ms

02:37:44.158 [debug] handled notification client -> server $/cancelRequest in 193µs

02:37:44.159 id=1424 [debug] handled request client -> server textDocument/codeAction in 710µs

02:37:44.159 [debug] handled notification client -> server $/cancelRequest in 67µs

02:37:44.160 id=1425 [debug] handled request client -> server textDocument/codeAction in 369µs

02:37:45.559 [error] ** (Protocol.UndefinedError) protocol Enumerable not implemented for :timeout of type Atom. This protocol is implemented for the following type(s): DBConnection.PrepareStream, DBConnection.Stream, Date.Range, Exqlite.Stream, File.Stream, Function, GenEvent.Stream, HashDict, HashSet, IO.Stream, Jason.OrderedObject, List, Map, MapSet, Range, Stream
    (elixir 1.17.3) lib/enum.ex:1: Enumerable.impl_for!/1
    (elixir 1.17.3) lib/enum.ex:166: Enumerable.reduce/3
    (elixir 1.17.3) lib/enum.ex:4423: Enum.reject/2
    (next_ls 0.23.3) lib/next_ls.ex:244: NextLS.handle_request/2
    (gen_lsp 0.10.0) lib/gen_lsp.ex:350: anonymous fn/2 in GenLSP.loop/3
    (telemetry 1.2.1) /Users/runner/work/next-ls/next-ls/deps/telemetry/src/telemetry.erl:321: :telemetry.span/3
    (gen_lsp 0.10.0) lib/gen_lsp.ex:349: anonymous fn/7 in GenLSP.loop/3
    (gen_lsp 0.10.0) lib/gen_lsp.ex:553: GenLSP.attempt/4


02:37:45.559 [debug] sent notification server -> client window/logMessage

02:37:45.560 id=1427 [debug] handled request client -> server textDocument/codeAction in 371µs

02:37:45.560 [debug] handled notification client -> server $/cancelRequest in 55µs

02:37:45.560 id=1428 [debug] handled request client -> server textDocument/codeAction in 299µs

02:37:45.562 id=1429 [debug] handled request client -> server textDocument/documentSymbol in 1ms

02:37:47.284 id=1430 [debug] handled request client -> server textDocument/hover in 1000ms

02:37:47.285 [debug] handled notification client -> server $/cancelRequest in 96µs

02:37:48.285 id=1431 [debug] handled request client -> server textDocument/hover in 1000ms

02:37:48.286 [debug] handled notification client -> server $/cancelRequest in 175µs

02:37:48.286 id=1432 [debug] handled request client -> server textDocument/codeAction in 372µs

02:37:48.286 [debug] handled notification client -> server $/cancelRequest in 158µs

02:37:48.314 [debug] handled notification client -> server textDocument/didChange in 500µs

02:37:48.316 id=1433 [debug] handled request client -> server textDocument/codeAction in 216µs

02:37:48.414 id=1434 [debug] handled request client -> server textDocument/documentSymbol in 1ms

02:37:48.458 [debug] handled notification client -> server textDocument/didSave in 477µs

02:37:48.478 id=1435 [debug] handled request client -> server textDocument/documentSymbol in 13ms

02:37:48.793 [debug] handled notification client -> server workspace/didChangeWatchedFiles in 199µs

02:37:50.614 id=1436 [debug] handled request client -> server textDocument/hover in 1001ms

02:37:50.614 [debug] handled notification client -> server $/cancelRequest in 209µs

02:37:50.615 id=1437 [debug] handled request client -> server textDocument/codeAction in 618µs

02:37:50.615 [debug] handled notification client -> server $/cancelRequest in 58µs

02:37:50.619 [debug] handled notification client -> server textDocument/didChange in 3ms

02:37:51.620 [debug] sent notification server -> client window/logMessage

02:37:51.620 [warning] Failed to run completion request: ** (MatchError) no match of right hand side value: :timeout
    (next_ls 0.23.3) lib/next_ls.ex:631: NextLS.handle_request/2
    (gen_lsp 0.10.0) lib/gen_lsp.ex:350: anonymous fn/2 in GenLSP.loop/3
    (telemetry 1.2.1) /Users/runner/work/next-ls/next-ls/deps/telemetry/src/telemetry.erl:321: :telemetry.span/3
    (gen_lsp 0.10.0) lib/gen_lsp.ex:349: anonymous fn/7 in GenLSP.loop/3
    (gen_lsp 0.10.0) lib/gen_lsp.ex:553: GenLSP.attempt/4
    (stdlib 6.2) proc_lib.erl:329: :proc_lib.init_p_do_apply/3


02:37:51.620 id=1438 [debug] handled request client -> server textDocument/completion in 1001ms

02:37:51.621 id=1439 [debug] handled request client -> server textDocument/codeAction in 107µs

02:37:51.621 [debug] handled notification client -> server $/cancelRequest in 16µs

02:37:51.621 [debug] handled notification client -> server textDocument/didChange in 178µs

02:37:51.622 id=1440 [debug] handled request client -> server textDocument/documentSymbol in 771µs

02:37:51.622 [debug] handled notification client -> server $/cancelRequest in 16µs

02:37:51.622 [debug] handled notification client -> server textDocument/didChange in 169µs

02:37:51.622 id=1441 [debug] handled request client -> server textDocument/codeAction in 101µs

02:37:51.631 id=1442 [debug] handled request client -> server textDocument/documentSymbol in 8ms

02:37:51.631 id=1443 [debug] handled request client -> server textDocument/documentSymbol in 487µs

02:37:51.631 [debug] handled notification client -> server textDocument/didSave in 164µs

02:37:52.633 [error] ** (Protocol.UndefinedError) protocol Enumerable not implemented for :timeout of type Atom. This protocol is implemented for the following type(s): DBConnection.PrepareStream, DBConnection.Stream, Date.Range, Exqlite.Stream, File.Stream, Function, GenEvent.Stream, HashDict, HashSet, IO.Stream, Jason.OrderedObject, List, Map, MapSet, Range, Stream
    (elixir 1.17.3) lib/enum.ex:1: Enumerable.impl_for!/1
    (elixir 1.17.3) lib/enum.ex:166: Enumerable.reduce/3
    (elixir 1.17.3) lib/enum.ex:4423: Enum.reject/2
    (next_ls 0.23.3) lib/next_ls.ex:244: NextLS.handle_request/2
    (gen_lsp 0.10.0) lib/gen_lsp.ex:350: anonymous fn/2 in GenLSP.loop/3
    (telemetry 1.2.1) /Users/runner/work/next-ls/next-ls/deps/telemetry/src/telemetry.erl:321: :telemetry.span/3
    (gen_lsp 0.10.0) lib/gen_lsp.ex:349: anonymous fn/7 in GenLSP.loop/3
    (gen_lsp 0.10.0) lib/gen_lsp.ex:553: GenLSP.attempt/4


02:37:52.633 [debug] sent notification server -> client window/logMessage

02:37:52.634 [debug] handled notification client -> server workspace/didChangeWatchedFiles in 871µs

02:37:53.635 id=1445 [debug] handled request client -> server textDocument/hover in 1000ms

02:37:53.635 [debug] handled notification client -> server $/cancelRequest in 101µs

02:37:54.636 id=1446 [debug] handled request client -> server textDocument/hover in 1000ms

02:37:54.636 [debug] handled notification client -> server $/cancelRequest in 36µs

02:37:54.636 id=1447 [debug] handled request client -> server textDocument/codeAction in 114µs

02:37:55.637 [error] ** (Protocol.UndefinedError) protocol Enumerable not implemented for :timeout of type Atom. This protocol is implemented for the following type(s): DBConnection.PrepareStream, DBConnection.Stream, Date.Range, Exqlite.Stream, File.Stream, Function, GenEvent.Stream, HashDict, HashSet, IO.Stream, Jason.OrderedObject, List, Map, MapSet, Range, Stream
    (elixir 1.17.3) lib/enum.ex:1: Enumerable.impl_for!/1
    (elixir 1.17.3) lib/enum.ex:166: Enumerable.reduce/3
    (elixir 1.17.3) lib/enum.ex:4423: Enum.reject/2
    (next_ls 0.23.3) lib/next_ls.ex:244: NextLS.handle_request/2
    (gen_lsp 0.10.0) lib/gen_lsp.ex:350: anonymous fn/2 in GenLSP.loop/3
    (telemetry 1.2.1) /Users/runner/work/next-ls/next-ls/deps/telemetry/src/telemetry.erl:321: :telemetry.span/3
    (gen_lsp 0.10.0) lib/gen_lsp.ex:349: anonymous fn/7 in GenLSP.loop/3
    (gen_lsp 0.10.0) lib/gen_lsp.ex:553: GenLSP.attempt/4


02:37:55.637 [debug] sent notification server -> client window/logMessage

02:37:56.638 id=1449 [debug] handled request client -> server textDocument/hover in 1000ms

02:37:56.638 [debug] handled notification client -> server $/cancelRequest in 56µs

02:37:58.056 id=1450 [debug] handled request client -> server textDocument/codeAction in 243µs

02:37:59.682 id=1451 [debug] handled request client -> server textDocument/codeAction in 462µs

02:38:00.857 id=1452 [debug] handled request client -> server textDocument/codeAction in 446µs

02:38:01.998 id=1453 [debug] handled request client -> server textDocument/codeAction in 133µs

02:38:03.027 id=1454 [debug] handled request client -> server textDocument/codeAction in 403µs

02:38:05.513 id=1455 [debug] handled request client -> server textDocument/hover in 1001ms

02:38:05.513 [debug] handled notification client -> server $/cancelRequest in 60µs

02:38:05.514 id=1456 [debug] handled request client -> server textDocument/codeAction in 170µs

02:38:05.514 [debug] handled notification client -> server $/cancelRequest in 42µs

02:38:05.734 [debug] handled notification client -> server textDocument/didChange in 590µs

02:38:05.735 id=1457 [debug] handled request client -> server textDocument/codeAction in 337µs

02:38:05.834 id=1458 [debug] handled request client -> server textDocument/documentSymbol in 2ms

02:38:05.874 id=1459 [debug] handled request client -> server textDocument/documentSymbol in 20ms

02:38:05.922 [debug] handled notification client -> server textDocument/didSave in 298µs

02:38:07.074 [error] ** (Protocol.UndefinedError) protocol Enumerable not implemented for :timeout of type Atom. This protocol is implemented for the following type(s): DBConnection.PrepareStream, DBConnection.Stream, Date.Range, Exqlite.Stream, File.Stream, Function, GenEvent.Stream, HashDict, HashSet, IO.Stream, Jason.OrderedObject, List, Map, MapSet, Range, Stream
    (elixir 1.17.3) lib/enum.ex:1: Enumerable.impl_for!/1
    (elixir 1.17.3) lib/enum.ex:166: Enumerable.reduce/3
    (elixir 1.17.3) lib/enum.ex:4423: Enum.reject/2
    (next_ls 0.23.3) lib/next_ls.ex:244: NextLS.handle_request/2
    (gen_lsp 0.10.0) lib/gen_lsp.ex:350: anonymous fn/2 in GenLSP.loop/3
    (telemetry 1.2.1) /Users/runner/work/next-ls/next-ls/deps/telemetry/src/telemetry.erl:321: :telemetry.span/3
    (gen_lsp 0.10.0) lib/gen_lsp.ex:349: anonymous fn/7 in GenLSP.loop/3
    (gen_lsp 0.10.0) lib/gen_lsp.ex:553: GenLSP.attempt/4


02:38:07.074 [debug] sent notification server -> client window/logMessage

02:38:07.074 [debug] handled notification client -> server $/cancelRequest in 43µs

02:38:08.079 [error] ** (Protocol.UndefinedError) protocol Enumerable not implemented for :timeout of type Atom. This protocol is implemented for the following type(s): DBConnection.PrepareStream, DBConnection.Stream, Date.Range, Exqlite.Stream, File.Stream, Function, GenEvent.Stream, HashDict, HashSet, IO.Stream, Jason.OrderedObject, List, Map, MapSet, Range, Stream
    (elixir 1.17.3) lib/enum.ex:1: Enumerable.impl_for!/1
    (elixir 1.17.3) lib/enum.ex:166: Enumerable.reduce/3
    (elixir 1.17.3) lib/enum.ex:4423: Enum.reject/2
    (next_ls 0.23.3) lib/next_ls.ex:244: NextLS.handle_request/2
    (gen_lsp 0.10.0) lib/gen_lsp.ex:350: anonymous fn/2 in GenLSP.loop/3
    (telemetry 1.2.1) /Users/runner/work/next-ls/next-ls/deps/telemetry/src/telemetry.erl:321: :telemetry.span/3
    (gen_lsp 0.10.0) lib/gen_lsp.ex:349: anonymous fn/7 in GenLSP.loop/3
    (gen_lsp 0.10.0) lib/gen_lsp.ex:553: GenLSP.attempt/4


02:38:08.079 [debug] sent notification server -> client window/logMessage

02:38:08.079 [debug] handled notification client -> server $/cancelRequest in 135µs

02:38:09.081 [error] ** (Protocol.UndefinedError) protocol Enumerable not implemented for :timeout of type Atom. This protocol is implemented for the following type(s): DBConnection.PrepareStream, DBConnection.Stream, Date.Range, Exqlite.Stream, File.Stream, Function, GenEvent.Stream, HashDict, HashSet, IO.Stream, Jason.OrderedObject, List, Map, MapSet, Range, Stream
    (elixir 1.17.3) lib/enum.ex:1: Enumerable.impl_for!/1
    (elixir 1.17.3) lib/enum.ex:166: Enumerable.reduce/3
    (elixir 1.17.3) lib/enum.ex:4423: Enum.reject/2
    (next_ls 0.23.3) lib/next_ls.ex:244: NextLS.handle_request/2
    (gen_lsp 0.10.0) lib/gen_lsp.ex:350: anonymous fn/2 in GenLSP.loop/3
    (telemetry 1.2.1) /Users/runner/work/next-ls/next-ls/deps/telemetry/src/telemetry.erl:321: :telemetry.span/3
    (gen_lsp 0.10.0) lib/gen_lsp.ex:349: anonymous fn/7 in GenLSP.loop/3
    (gen_lsp 0.10.0) lib/gen_lsp.ex:553: GenLSP.attempt/4


02:38:09.081 [debug] sent notification server -> client window/logMessage

02:38:09.083 [debug] handled notification client -> server workspace/didChangeWatchedFiles in 991µs

02:38:09.083 id=1463 [debug] handled request client -> server textDocument/codeAction in 509µs

02:38:09.085 [debug] handled notification client -> server textDocument/didSave in 1ms

02:38:09.085 [debug] handled notification client -> server workspace/didChangeWatchedFiles in 705µs

02:38:09.086 [debug] handled notification client -> server $/cancelRequest in 89µs

02:38:09.086 id=1464 [debug] handled request client -> server textDocument/codeAction in 253µs

02:38:42.424 id=1465 [debug] handled request client -> server textDocument/codeAction in 417µs

02:38:42.766 [debug] handled notification client -> server textDocument/didSave in 446µs

02:38:43.400 [debug] handled notification client -> server workspace/didChangeWatchedFiles in 422µs

02:38:47.565 [debug] handled notification client -> server textDocument/didSave in 488µs

02:38:47.897 [debug] handled notification client -> server workspace/didChangeWatchedFiles in 198µs

02:38:59.528 [debug] handled notification client -> server textDocument/didSave in 14ms

02:38:59.849 [debug] handled notification client -> server workspace/didChangeWatchedFiles in 166µs

02:39:41.751 id=1466 [debug] handled request client -> server textDocument/codeAction in 410µs

02:39:44.586 id=1467 [debug] handled request client -> server textDocument/hover in 1001ms

02:39:44.586 [debug] handled notification client -> server $/cancelRequest in 208µs

02:39:48.728 id=1468 [debug] handled request client -> server textDocument/hover in 1001ms

02:39:48.729 [debug] handled notification client -> server $/cancelRequest in 92µs

02:39:49.730 id=1469 [debug] handled request client -> server textDocument/hover in 1000ms

02:39:49.730 [debug] handled notification client -> server $/cancelRequest in 192µs

02:40:02.586 [debug] handled notification client -> server textDocument/didSave in 546µs

02:40:02.933 [debug] handled notification client -> server workspace/didChangeWatchedFiles in 183µs

02:40:06.496 id=1470 [debug] handled request client -> server textDocument/hover in 1001ms

02:40:06.496 [debug] handled notification client -> server $/cancelRequest in 40µs

02:40:06.730 id=1471 [debug] handled request client -> server textDocument/codeAction in 342µs

02:40:08.792 [error] ** (Protocol.UndefinedError) protocol Enumerable not implemented for :timeout of type Atom. This protocol is implemented for the following type(s): DBConnection.PrepareStream, DBConnection.Stream, Date.Range, Exqlite.Stream, File.Stream, Function, GenEvent.Stream, HashDict, HashSet, IO.Stream, Jason.OrderedObject, List, Map, MapSet, Range, Stream
    (elixir 1.17.3) lib/enum.ex:1: Enumerable.impl_for!/1
    (elixir 1.17.3) lib/enum.ex:166: Enumerable.reduce/3
    (elixir 1.17.3) lib/enum.ex:4423: Enum.reject/2
    (next_ls 0.23.3) lib/next_ls.ex:244: NextLS.handle_request/2
    (gen_lsp 0.10.0) lib/gen_lsp.ex:350: anonymous fn/2 in GenLSP.loop/3
    (telemetry 1.2.1) /Users/runner/work/next-ls/next-ls/deps/telemetry/src/telemetry.erl:321: :telemetry.span/3
    (gen_lsp 0.10.0) lib/gen_lsp.ex:349: anonymous fn/7 in GenLSP.loop/3
    (gen_lsp 0.10.0) lib/gen_lsp.ex:553: GenLSP.attempt/4


02:40:08.792 [debug] sent notification server -> client window/logMessage

02:40:08.792 [debug] handled notification client -> server $/cancelRequest in 130µs

02:40:09.794 [error] ** (Protocol.UndefinedError) protocol Enumerable not implemented for :timeout of type Atom. This protocol is implemented for the following type(s): DBConnection.PrepareStream, DBConnection.Stream, Date.Range, Exqlite.Stream, File.Stream, Function, GenEvent.Stream, HashDict, HashSet, IO.Stream, Jason.OrderedObject, List, Map, MapSet, Range, Stream
    (elixir 1.17.3) lib/enum.ex:1: Enumerable.impl_for!/1
    (elixir 1.17.3) lib/enum.ex:166: Enumerable.reduce/3
    (elixir 1.17.3) lib/enum.ex:4423: Enum.reject/2
    (next_ls 0.23.3) lib/next_ls.ex:244: NextLS.handle_request/2
    (gen_lsp 0.10.0) lib/gen_lsp.ex:350: anonymous fn/2 in GenLSP.loop/3
    (telemetry 1.2.1) /Users/runner/work/next-ls/next-ls/deps/telemetry/src/telemetry.erl:321: :telemetry.span/3
    (gen_lsp 0.10.0) lib/gen_lsp.ex:349: anonymous fn/7 in GenLSP.loop/3
    (gen_lsp 0.10.0) lib/gen_lsp.ex:553: GenLSP.attempt/4


02:40:09.794 [debug] sent notification server -> client window/logMessage

02:40:29.894 [debug] handled notification client -> server textDocument/didSave in 347µs

02:40:31.455 [debug] handled notification client -> server workspace/didChangeWatchedFiles in 931µs

02:40:33.263 id=1474 [debug] handled request client -> server textDocument/hover in 1001ms

02:40:33.263 [debug] handled notification client -> server $/cancelRequest in 65µs

02:40:33.264 id=1475 [debug] handled request client -> server textDocument/codeAction in 169µs

02:40:33.264 [debug] handled notification client -> server $/cancelRequest in 19µs

02:40:33.264 id=1476 [debug] handled request client -> server textDocument/codeAction in 141µs

02:40:33.265 id=1477 [debug] handled request client -> server textDocument/documentSymbol in 862µs

02:40:37.495 id=1478 [debug] handled request client -> server textDocument/codeAction in 178µs

02:40:37.797 id=1479 [debug] handled request client -> server textDocument/documentSymbol in 1ms

02:40:38.614 [debug] handled notification client -> server textDocument/didSave in 336µs

02:40:38.949 [debug] handled notification client -> server workspace/didChangeWatchedFiles in 320µs

02:40:40.239 id=1480 [debug] handled request client -> server textDocument/hover in 1001ms

02:40:40.240 [debug] handled notification client -> server $/cancelRequest in 234µs

02:40:54.338 [debug] handled notification client -> server textDocument/didClose in 75µs

02:40:54.340 id=1481 [debug] handled request client -> server textDocument/codeAction in 178µs

02:40:54.594 id=1482 [debug] handled request client -> server textDocument/codeAction in 139µs

02:40:54.650 id=1483 [debug] handled request client -> server textDocument/documentSymbol in 9ms

02:40:55.531 [debug] handled notification client -> server textDocument/didClose in 107µs

02:41:06.975 [debug] handled notification client -> server textDocument/didOpen in 88µs

02:41:06.978 id=1484 [debug] handled request client -> server textDocument/documentSymbol in 95µs

02:41:07.278 id=1485 [debug] handled request client -> server textDocument/documentSymbol in 95µs

02:41:07.291 [debug] handled notification client -> server workspace/didChangeWatchedFiles in 186µs

02:41:11.097 [debug] handled notification client -> server textDocument/didOpen in 294µs

02:41:11.098 id=1486 [debug] handled request client -> server textDocument/codeAction in 144µs

02:41:11.100 id=1487 [debug] handled request client -> server textDocument/documentSymbol in 1ms

02:41:11.407 id=1488 [debug] handled request client -> server textDocument/documentSymbol in 9ms

02:41:12.593 id=1489 [debug] handled request client -> server textDocument/hover in 1001ms

02:41:12.593 [debug] handled notification client -> server $/cancelRequest in 82µs

02:41:12.594 id=1490 [debug] handled request client -> server textDocument/codeAction in 269µs

02:41:12.594 [debug] handled notification client -> server $/cancelRequest in 23µs

02:41:12.594 id=1491 [debug] handled request client -> server textDocument/codeAction in 166µs

02:41:13.355 id=1492 [debug] handled request client -> server textDocument/codeAction in 547µs

02:41:15.207 [error] ** (Protocol.UndefinedError) protocol Enumerable not implemented for :timeout of type Atom. This protocol is implemented for the following type(s): DBConnection.PrepareStream, DBConnection.Stream, Date.Range, Exqlite.Stream, File.Stream, Function, GenEvent.Stream, HashDict, HashSet, IO.Stream, Jason.OrderedObject, List, Map, MapSet, Range, Stream
    (elixir 1.17.3) lib/enum.ex:1: Enumerable.impl_for!/1
    (elixir 1.17.3) lib/enum.ex:166: Enumerable.reduce/3
    (elixir 1.17.3) lib/enum.ex:4423: Enum.reject/2
    (next_ls 0.23.3) lib/next_ls.ex:244: NextLS.handle_request/2
    (gen_lsp 0.10.0) lib/gen_lsp.ex:350: anonymous fn/2 in GenLSP.loop/3
    (telemetry 1.2.1) /Users/runner/work/next-ls/next-ls/deps/telemetry/src/telemetry.erl:321: :telemetry.span/3
    (gen_lsp 0.10.0) lib/gen_lsp.ex:349: anonymous fn/7 in GenLSP.loop/3
    (gen_lsp 0.10.0) lib/gen_lsp.ex:553: GenLSP.attempt/4


02:41:15.207 [debug] sent notification server -> client window/logMessage

02:41:15.247 id=1494 [debug] handled request client -> server textDocument/documentSymbol in 288µs

02:41:16.128 [debug] handled notification client -> server textDocument/didChange in 178µs

02:41:17.131 [debug] sent notification server -> client window/logMessage

02:41:17.131 [warning] Failed to run completion request: ** (MatchError) no match of right hand side value: :timeout
    (next_ls 0.23.3) lib/next_ls.ex:631: NextLS.handle_request/2
    (gen_lsp 0.10.0) lib/gen_lsp.ex:350: anonymous fn/2 in GenLSP.loop/3
    (telemetry 1.2.1) /Users/runner/work/next-ls/next-ls/deps/telemetry/src/telemetry.erl:321: :telemetry.span/3
    (gen_lsp 0.10.0) lib/gen_lsp.ex:349: anonymous fn/7 in GenLSP.loop/3
    (gen_lsp 0.10.0) lib/gen_lsp.ex:553: GenLSP.attempt/4
    (stdlib 6.2) proc_lib.erl:329: :proc_lib.init_p_do_apply/3


02:41:17.131 id=1495 [debug] handled request client -> server textDocument/completion in 1002ms

02:41:17.132 [debug] handled notification client -> server textDocument/didChange in 213µs

02:41:17.132 id=1496 [debug] handled request client -> server textDocument/codeAction in 365µs

02:41:17.132 [debug] handled notification client -> server $/cancelRequest in 61µs

02:41:17.132 [debug] handled notification client -> server textDocument/didChange in 117µs

02:41:17.133 id=1497 [debug] handled request client -> server textDocument/codeAction in 188µs

02:41:17.162 id=1498 [debug] handled request client -> server textDocument/documentSymbol in 149µs

02:41:17.163 id=1499 [debug] handled request client -> server textDocument/documentSymbol in 88µs

02:41:20.514 [debug] handled notification client -> server textDocument/didChange in 229µs

02:41:20.515 id=1500 [debug] handled request client -> server textDocument/codeAction in 266µs

02:41:20.613 id=1501 [debug] handled request client -> server textDocument/documentSymbol in 457µs

02:41:20.613 id=1502 [debug] handled request client -> server textDocument/documentSymbol in 137µs

02:41:20.915 [debug] handled notification client -> server textDocument/didChange in 247µs

02:41:20.916 id=1503 [debug] handled request client -> server textDocument/codeAction in 287µs

02:41:21.014 id=1504 [debug] handled request client -> server textDocument/documentSymbol in 514µs

02:41:21.015 id=1505 [debug] handled request client -> server textDocument/documentSymbol in 211µs

02:41:21.473 [debug] handled notification client -> server textDocument/didChange in 262µs

02:41:21.474 id=1506 [debug] handled request client -> server textDocument/codeAction in 291µs

02:41:21.572 id=1507 [debug] handled request client -> server textDocument/documentSymbol in 825µs

02:41:21.572 id=1508 [debug] handled request client -> server textDocument/documentSymbol in 131µs

02:41:22.023 [debug] handled notification client -> server textDocument/didChange in 134µs

02:41:23.025 [debug] sent notification server -> client window/logMessage

02:41:23.025 [warning] Failed to run completion request: ** (MatchError) no match of right hand side value: :timeout
    (next_ls 0.23.3) lib/next_ls.ex:631: NextLS.handle_request/2
    (gen_lsp 0.10.0) lib/gen_lsp.ex:350: anonymous fn/2 in GenLSP.loop/3
    (telemetry 1.2.1) /Users/runner/work/next-ls/next-ls/deps/telemetry/src/telemetry.erl:321: :telemetry.span/3
    (gen_lsp 0.10.0) lib/gen_lsp.ex:349: anonymous fn/7 in GenLSP.loop/3
    (gen_lsp 0.10.0) lib/gen_lsp.ex:553: GenLSP.attempt/4
    (stdlib 6.2) proc_lib.erl:329: :proc_lib.init_p_do_apply/3


02:41:23.025 id=1509 [debug] handled request client -> server textDocument/completion in 1002ms

02:41:23.026 [debug] handled notification client -> server textDocument/didChange in 180µs

02:41:23.026 id=1510 [debug] handled request client -> server textDocument/documentSymbol in 274µs

02:41:23.027 id=1511 [debug] handled request client -> server textDocument/documentSymbol in 529µs

02:41:23.301 [debug] handled notification client -> server textDocument/didChange in 198µs

02:41:23.302 id=1512 [debug] handled request client -> server textDocument/codeAction in 215µs

02:41:23.403 [debug] sent notification server -> client window/logMessage

02:41:23.403 id=1513 [debug] handled request client -> server textDocument/documentSymbol in 859µs

02:41:23.404 [debug] sent notification server -> client window/logMessage

02:41:23.404 id=1514 [debug] handled request client -> server textDocument/documentSymbol in 449µs

02:41:23.955 [debug] handled notification client -> server textDocument/didChange in 124µs

02:41:24.957 [debug] sent notification server -> client window/logMessage

02:41:24.957 [warning] Failed to run completion request: ** (MatchError) no match of right hand side value: :timeout
    (next_ls 0.23.3) lib/next_ls.ex:631: NextLS.handle_request/2
    (gen_lsp 0.10.0) lib/gen_lsp.ex:350: anonymous fn/2 in GenLSP.loop/3
    (telemetry 1.2.1) /Users/runner/work/next-ls/next-ls/deps/telemetry/src/telemetry.erl:321: :telemetry.span/3
    (gen_lsp 0.10.0) lib/gen_lsp.ex:349: anonymous fn/7 in GenLSP.loop/3
    (gen_lsp 0.10.0) lib/gen_lsp.ex:553: GenLSP.attempt/4
    (stdlib 6.2) proc_lib.erl:329: :proc_lib.init_p_do_apply/3


02:41:24.977 id=1515 [debug] handled request client -> server textDocument/completion in 1021ms

02:41:24.977 id=1516 [debug] handled request client -> server textDocument/codeAction in 177µs

02:41:24.978 [debug] sent notification server -> client window/logMessage

02:41:24.978 id=1517 [debug] handled request client -> server textDocument/documentSymbol in 486µs

02:41:24.978 [debug] sent notification server -> client window/logMessage

02:41:24.978 id=1518 [debug] handled request client -> server textDocument/documentSymbol in 350µs

02:41:25.880 [debug] handled notification client -> server textDocument/didChange in 432µs

02:41:25.881 id=1519 [debug] handled request client -> server textDocument/codeAction in 325µs

02:41:25.978 id=1520 [debug] handled request client -> server textDocument/documentSymbol in 1ms

02:41:25.979 id=1521 [debug] handled request client -> server textDocument/documentSymbol in 490µs

02:41:27.363 [error] ** (Protocol.UndefinedError) protocol Enumerable not implemented for :timeout of type Atom. This protocol is implemented for the following type(s): DBConnection.PrepareStream, DBConnection.Stream, Date.Range, Exqlite.Stream, File.Stream, Function, GenEvent.Stream, HashDict, HashSet, IO.Stream, Jason.OrderedObject, List, Map, MapSet, Range, Stream
    (elixir 1.17.3) lib/enum.ex:1: Enumerable.impl_for!/1
    (elixir 1.17.3) lib/enum.ex:166: Enumerable.reduce/3
    (elixir 1.17.3) lib/enum.ex:4423: Enum.reject/2
    (next_ls 0.23.3) lib/next_ls.ex:244: NextLS.handle_request/2
    (gen_lsp 0.10.0) lib/gen_lsp.ex:350: anonymous fn/2 in GenLSP.loop/3
    (telemetry 1.2.1) /Users/runner/work/next-ls/next-ls/deps/telemetry/src/telemetry.erl:321: :telemetry.span/3
    (gen_lsp 0.10.0) lib/gen_lsp.ex:349: anonymous fn/7 in GenLSP.loop/3
    (gen_lsp 0.10.0) lib/gen_lsp.ex:553: GenLSP.attempt/4


02:41:27.363 [debug] sent notification server -> client window/logMessage

02:41:27.363 [debug] handled notification client -> server $/cancelRequest in 157µs

02:41:28.364 [error] ** (Protocol.UndefinedError) protocol Enumerable not implemented for :timeout of type Atom. This protocol is implemented for the following type(s): DBConnection.PrepareStream, DBConnection.Stream, Date.Range, Exqlite.Stream, File.Stream, Function, GenEvent.Stream, HashDict, HashSet, IO.Stream, Jason.OrderedObject, List, Map, MapSet, Range, Stream
    (elixir 1.17.3) lib/enum.ex:1: Enumerable.impl_for!/1
    (elixir 1.17.3) lib/enum.ex:166: Enumerable.reduce/3
    (elixir 1.17.3) lib/enum.ex:4423: Enum.reject/2
    (next_ls 0.23.3) lib/next_ls.ex:244: NextLS.handle_request/2
    (gen_lsp 0.10.0) lib/gen_lsp.ex:350: anonymous fn/2 in GenLSP.loop/3
    (telemetry 1.2.1) /Users/runner/work/next-ls/next-ls/deps/telemetry/src/telemetry.erl:321: :telemetry.span/3
    (gen_lsp 0.10.0) lib/gen_lsp.ex:349: anonymous fn/7 in GenLSP.loop/3
    (gen_lsp 0.10.0) lib/gen_lsp.ex:553: GenLSP.attempt/4


02:41:28.365 [debug] sent notification server -> client window/logMessage

02:41:28.365 [debug] handled notification client -> server textDocument/didChange in 76µs

02:41:28.365 [debug] handled notification client -> server textDocument/didSave in 62µs

02:41:28.365 [debug] handled notification client -> server $/cancelRequest in 14µs

02:41:29.365 [error] ** (Protocol.UndefinedError) protocol Enumerable not implemented for :timeout of type Atom. This protocol is implemented for the following type(s): DBConnection.PrepareStream, DBConnection.Stream, Date.Range, Exqlite.Stream, File.Stream, Function, GenEvent.Stream, HashDict, HashSet, IO.Stream, Jason.OrderedObject, List, Map, MapSet, Range, Stream
    (elixir 1.17.3) lib/enum.ex:1: Enumerable.impl_for!/1
    (elixir 1.17.3) lib/enum.ex:166: Enumerable.reduce/3
    (elixir 1.17.3) lib/enum.ex:4423: Enum.reject/2
    (next_ls 0.23.3) lib/next_ls.ex:244: NextLS.handle_request/2
    (gen_lsp 0.10.0) lib/gen_lsp.ex:350: anonymous fn/2 in GenLSP.loop/3
    (telemetry 1.2.1) /Users/runner/work/next-ls/next-ls/deps/telemetry/src/telemetry.erl:321: :telemetry.span/3
    (gen_lsp 0.10.0) lib/gen_lsp.ex:349: anonymous fn/7 in GenLSP.loop/3
    (gen_lsp 0.10.0) lib/gen_lsp.ex:553: GenLSP.attempt/4


02:41:29.365 [debug] sent notification server -> client window/logMessage

02:41:29.366 id=1525 [debug] handled request client -> server textDocument/documentSymbol in 239µs

02:41:29.366 id=1526 [debug] handled request client -> server textDocument/documentSymbol in 126µs

02:41:29.366 [debug] handled notification client -> server workspace/didChangeWatchedFiles in 127µs

02:41:30.366 id=1527 [debug] handled request client -> server textDocument/hover in 1000ms

02:41:30.367 [debug] handled notification client -> server $/cancelRequest in 152µs

02:41:30.367 id=1528 [debug] handled request client -> server textDocument/codeAction in 350µs

02:41:30.368 [debug] handled notification client -> server textDocument/didSave in 156µs

02:41:30.368 [debug] handled notification client -> server workspace/didChangeWatchedFiles in 867µs

02:41:30.369 [debug] handled notification client -> server $/cancelRequest in 37µs

02:41:31.392 [error] ** (Protocol.UndefinedError) protocol Enumerable not implemented for :timeout of type Atom. This protocol is implemented for the following type(s): DBConnection.PrepareStream, DBConnection.Stream, Date.Range, Exqlite.Stream, File.Stream, Function, GenEvent.Stream, HashDict, HashSet, IO.Stream, Jason.OrderedObject, List, Map, MapSet, Range, Stream
    (elixir 1.17.3) lib/enum.ex:1: Enumerable.impl_for!/1
    (elixir 1.17.3) lib/enum.ex:166: Enumerable.reduce/3
    (elixir 1.17.3) lib/enum.ex:4423: Enum.reject/2
    (next_ls 0.23.3) lib/next_ls.ex:244: NextLS.handle_request/2
    (gen_lsp 0.10.0) lib/gen_lsp.ex:350: anonymous fn/2 in GenLSP.loop/3
    (telemetry 1.2.1) /Users/runner/work/next-ls/next-ls/deps/telemetry/src/telemetry.erl:321: :telemetry.span/3
    (gen_lsp 0.10.0) lib/gen_lsp.ex:349: anonymous fn/7 in GenLSP.loop/3
    (gen_lsp 0.10.0) lib/gen_lsp.ex:553: GenLSP.attempt/4


02:41:31.392 [debug] sent notification server -> client window/logMessage

02:41:31.392 [debug] handled notification client -> server $/cancelRequest in 48µs

02:41:32.393 [error] ** (Protocol.UndefinedError) protocol Enumerable not implemented for :timeout of type Atom. This protocol is implemented for the following type(s): DBConnection.PrepareStream, DBConnection.Stream, Date.Range, Exqlite.Stream, File.Stream, Function, GenEvent.Stream, HashDict, HashSet, IO.Stream, Jason.OrderedObject, List, Map, MapSet, Range, Stream
    (elixir 1.17.3) lib/enum.ex:1: Enumerable.impl_for!/1
    (elixir 1.17.3) lib/enum.ex:166: Enumerable.reduce/3
    (elixir 1.17.3) lib/enum.ex:4423: Enum.reject/2
    (next_ls 0.23.3) lib/next_ls.ex:244: NextLS.handle_request/2
    (gen_lsp 0.10.0) lib/gen_lsp.ex:350: anonymous fn/2 in GenLSP.loop/3
    (telemetry 1.2.1) /Users/runner/work/next-ls/next-ls/deps/telemetry/src/telemetry.erl:321: :telemetry.span/3
    (gen_lsp 0.10.0) lib/gen_lsp.ex:349: anonymous fn/7 in GenLSP.loop/3
    (gen_lsp 0.10.0) lib/gen_lsp.ex:553: GenLSP.attempt/4


02:41:32.394 [debug] sent notification server -> client window/logMessage

02:41:32.395 [debug] handled notification client -> server textDocument/didSave in 529µs

02:41:32.396 [debug] handled notification client -> server workspace/didChangeWatchedFiles in 866µs

02:41:37.219 id=1531 [debug] handled request client -> server textDocument/codeAction in 366µs

02:41:37.416 [debug] handled notification client -> server textDocument/didSave in 205µs

02:41:37.753 [debug] handled notification client -> server workspace/didChangeWatchedFiles in 227µs

02:41:39.174 id=1532 [debug] handled request client -> server textDocument/hover in 1001ms

02:41:39.175 [debug] handled notification client -> server $/cancelRequest in 93µs

02:41:43.556 id=1533 [debug] handled request client -> server textDocument/hover in 1001ms

02:41:43.556 [debug] handled notification client -> server $/cancelRequest in 131µs

02:41:44.557 id=1534 [debug] handled request client -> server textDocument/hover in 1000ms

02:41:44.558 [debug] handled notification client -> server $/cancelRequest in 187µs

02:41:45.559 id=1535 [debug] handled request client -> server textDocument/hover in 1001ms

02:41:45.559 [debug] handled notification client -> server $/cancelRequest in 105µs

02:41:45.560 id=1536 [debug] handled request client -> server textDocument/codeAction in 305µs

02:41:45.560 [debug] handled notification client -> server $/cancelRequest in 32µs

02:41:45.560 id=1537 [debug] handled request client -> server textDocument/codeAction in 195µs

02:41:45.560 [debug] handled notification client -> server $/cancelRequest in 29µs

02:41:45.560 [debug] handled notification client -> server textDocument/didChange in 151µs

02:41:45.561 id=1538 [debug] handled request client -> server textDocument/documentSymbol in 576µs

02:41:45.785 id=1539 [debug] handled request client -> server textDocument/documentSymbol in 1ms

02:41:46.148 [debug] handled notification client -> server textDocument/didChange in 119µs

02:41:46.148 [debug] handled notification client -> server textDocument/didSave in 131µs

02:41:46.488 id=1540 [debug] handled request client -> server textDocument/documentSymbol in 261µs

02:41:46.488 [debug] handled notification client -> server workspace/didChangeWatchedFiles in 127µs

02:41:46.744 id=1541 [debug] handled request client -> server textDocument/documentSymbol in 333µs

02:41:53.073 [debug] handled notification client -> server textDocument/didClose in 82µs

02:41:53.087 [debug] handled notification client -> server textDocument/didOpen in 258µs

02:41:53.089 id=1542 [debug] handled request client -> server textDocument/codeAction in 148µs

02:41:53.089 id=1543 [debug] handled request client -> server textDocument/documentSymbol in 605µs

02:41:53.389 id=1544 [debug] handled request client -> server textDocument/documentSymbol in 688µs

02:41:55.671 id=1545 [debug] handled request client -> server textDocument/hover in 1001ms

02:41:55.672 [debug] handled notification client -> server $/cancelRequest in 152µs

02:41:56.769 id=1546 [debug] handled request client -> server textDocument/hover in 1001ms

02:41:56.769 [debug] handled notification client -> server $/cancelRequest in 80µs

02:41:57.150 id=1547 [debug] handled request client -> server textDocument/codeAction in 675µs

02:41:57.511 id=1548 [debug] handled request client -> server textDocument/codeAction in 20ms

02:41:58.846 id=1549 [debug] handled request client -> server textDocument/hover in 1000ms

02:41:58.846 [debug] handled notification client -> server $/cancelRequest in 43µs

02:41:58.847 id=1550 [debug] handled request client -> server textDocument/codeAction in 132µs

02:41:59.283 id=1551 [debug] handled request client -> server textDocument/codeAction in 409µs

02:41:59.575 id=1552 [debug] handled request client -> server textDocument/codeAction in 501µs

02:42:01.457 [error] ** (Protocol.UndefinedError) protocol Enumerable not implemented for :timeout of type Atom. This protocol is implemented for the following type(s): DBConnection.PrepareStream, DBConnection.Stream, Date.Range, Exqlite.Stream, File.Stream, Function, GenEvent.Stream, HashDict, HashSet, IO.Stream, Jason.OrderedObject, List, Map, MapSet, Range, Stream
    (elixir 1.17.3) lib/enum.ex:1: Enumerable.impl_for!/1
    (elixir 1.17.3) lib/enum.ex:166: Enumerable.reduce/3
    (elixir 1.17.3) lib/enum.ex:4423: Enum.reject/2
    (next_ls 0.23.3) lib/next_ls.ex:244: NextLS.handle_request/2
    (gen_lsp 0.10.0) lib/gen_lsp.ex:350: anonymous fn/2 in GenLSP.loop/3
    (telemetry 1.2.1) /Users/runner/work/next-ls/next-ls/deps/telemetry/src/telemetry.erl:321: :telemetry.span/3
    (gen_lsp 0.10.0) lib/gen_lsp.ex:349: anonymous fn/7 in GenLSP.loop/3
    (gen_lsp 0.10.0) lib/gen_lsp.ex:553: GenLSP.attempt/4


02:42:01.457 [debug] sent notification server -> client window/logMessage

02:42:01.457 [debug] handled notification client -> server $/cancelRequest in 57µs

02:42:02.462 [error] ** (Protocol.UndefinedError) protocol Enumerable not implemented for :timeout of type Atom. This protocol is implemented for the following type(s): DBConnection.PrepareStream, DBConnection.Stream, Date.Range, Exqlite.Stream, File.Stream, Function, GenEvent.Stream, HashDict, HashSet, IO.Stream, Jason.OrderedObject, List, Map, MapSet, Range, Stream
    (elixir 1.17.3) lib/enum.ex:1: Enumerable.impl_for!/1
    (elixir 1.17.3) lib/enum.ex:166: Enumerable.reduce/3
    (elixir 1.17.3) lib/enum.ex:4423: Enum.reject/2
    (next_ls 0.23.3) lib/next_ls.ex:244: NextLS.handle_request/2
    (gen_lsp 0.10.0) lib/gen_lsp.ex:350: anonymous fn/2 in GenLSP.loop/3
    (telemetry 1.2.1) /Users/runner/work/next-ls/next-ls/deps/telemetry/src/telemetry.erl:321: :telemetry.span/3
    (gen_lsp 0.10.0) lib/gen_lsp.ex:349: anonymous fn/7 in GenLSP.loop/3
    (gen_lsp 0.10.0) lib/gen_lsp.ex:553: GenLSP.attempt/4


02:42:02.462 [debug] sent notification server -> client window/logMessage

02:42:02.463 id=1555 [debug] handled request client -> server textDocument/codeAction in 386µs

02:42:02.463 [debug] handled notification client -> server $/cancelRequest in 47µs

02:42:02.464 id=1556 [debug] handled request client -> server textDocument/documentSymbol in 655µs

02:42:02.726 [debug] handled notification client -> server textDocument/didChange in 257µs

02:42:02.730 id=1557 [debug] handled request client -> server textDocument/codeAction in 328µs

02:42:02.830 [debug] handled notification client -> server textDocument/didChange in 116µs

02:42:02.830 id=1558 [debug] handled request client -> server textDocument/documentSymbol in 270µs

02:42:03.160 id=1559 [debug] handled request client -> server textDocument/documentSymbol in 1ms

02:42:03.359 id=1560 [debug] handled request client -> server textDocument/documentSymbol in 695µs

02:42:04.011 [debug] handled notification client -> server textDocument/didChange in 134µs

02:42:04.011 id=1561 [debug] handled request client -> server textDocument/codeAction in 133µs

02:42:04.113 id=1562 [debug] handled request client -> server textDocument/documentSymbol in 639µs

02:42:04.211 [debug] handled notification client -> server textDocument/didSave in 127µs

02:42:04.307 id=1563 [debug] handled request client -> server textDocument/documentSymbol in 235µs

02:42:04.558 [debug] handled notification client -> server workspace/didChangeWatchedFiles in 226µs

02:42:05.645 id=1564 [debug] handled request client -> server textDocument/codeAction in 311µs

02:42:06.410 id=1565 [debug] handled request client -> server textDocument/codeAction in 631µs

02:42:06.537 [debug] handled notification client -> server textDocument/didSave in 15ms

02:42:06.856 [debug] handled notification client -> server workspace/didChangeWatchedFiles in 196µs

02:42:09.333 [error] ** (CaseClauseError) no case clause matching: :timeout
    (gen_lsp 0.10.0) lib/gen_lsp.ex:353: anonymous fn/7 in GenLSP.loop/3
    (gen_lsp 0.10.0) lib/gen_lsp.ex:553: GenLSP.attempt/4
    (stdlib 6.2) proc_lib.erl:329: :proc_lib.init_p_do_apply/3


02:42:09.334 [debug] sent notification server -> client window/logMessage

02:42:09.334 [debug] handled notification client -> server textDocument/didSave in 133µs

02:42:09.334 [debug] handled notification client -> server workspace/didChangeWatchedFiles in 319µs

02:42:39.394 id=1567 [debug] handled request client -> server textDocument/hover in 1000ms

02:42:39.395 [debug] handled notification client -> server $/cancelRequest in 468µs

02:42:40.398 id=1568 [debug] handled request client -> server textDocument/hover in 1000ms

02:42:40.398 [debug] handled notification client -> server $/cancelRequest in 47µs

02:42:40.399 [debug] handled notification client -> server textDocument/didSave in 90µs

02:42:40.399 [debug] handled notification client -> server workspace/didChangeWatchedFiles in 203µs

02:42:41.399 id=1569 [debug] handled request client -> server textDocument/hover in 1000ms

02:42:41.399 [debug] handled notification client -> server $/cancelRequest in 91µs

02:42:49.433 [debug] handled notification client -> server textDocument/didSave in 204µs

02:42:49.769 [debug] handled notification client -> server workspace/didChangeWatchedFiles in 149µs
